app/build/intermediates/manifest_merge_blame_file/debug/manifest-merger-blame-debug-report.txt
1<?xml version="1.0" encoding="utf-8"?>
2<manifest xmlns:android="http://schemas.android.com/apk/res/android"
3    package="wtf.saigonparking.qrscanner.d"
4    android:versionCode="1"
5    android:versionName="1.0" >
6
7    <uses-sdk
8        android:minSdkVersion="26"
8-->src\main\AndroidManifest.xml
9        android:targetSdkVersion="27" />
9-->src\main\AndroidManifest.xml
10
11    <uses-permission android:name="android.permission.CAMERA" />
11-->src\main\AndroidManifest.xml:5:5-65
11-->src\main\AndroidManifest.xml:5:22-62
12    <uses-permission android:name="android.permission.INTERNET" />
12-->src\main\AndroidManifest.xml:6:5-67
12-->src\main\AndroidManifest.xml:6:22-64
13
14    <uses-feature android:name="android.hardware.camera" />
14-->src\main\AndroidManifest.xml:8:5-60
14-->src\main\AndroidManifest.xml:8:19-57
15    <uses-feature android:name="android.hardware.camera.autofocus" />
15-->src\main\AndroidManifest.xml:9:5-70
15-->src\main\AndroidManifest.xml:9:19-67
16
17    <uses-permission android:name="android.permission.FLASHLIGHT" />
17-->src\main\AndroidManifest.xml:11:5-69
17-->src\main\AndroidManifest.xml:11:22-66
18
19    <application
19-->src\main\AndroidManifest.xml:13:5-32:19
20        android:name="wtf.saigonparking.qrscanner.SaigonParkingApplication"
20-->src\main\AndroidManifest.xml:14:9-49
21        android:allowBackup="true"
21-->src\main\AndroidManifest.xml:15:9-35
22        android:debuggable="true"
23        android:icon="@drawable/logo"
23-->src\main\AndroidManifest.xml:16:9-38
24        android:label="@string/app_name"
24-->src\main\AndroidManifest.xml:17:9-41
25        android:roundIcon="@drawable/logo"
25-->src\main\AndroidManifest.xml:18:9-43
26        android:supportsRtl="true"
26-->src\main\AndroidManifest.xml:19:9-35
27        android:testOnly="true"
28        android:theme="@style/AppTheme" >
28-->src\main\AndroidManifest.xml:20:9-40
29        <activity
29-->src\main\AndroidManifest.xml:21:9-28:20
30            android:name="wtf.saigonparking.qrscanner.activity.LoginActivity"
30-->src\main\AndroidManifest.xml:22:13-78
31            android:theme="@style/AppTheme.NoActionBar" >
31-->src\main\AndroidManifest.xml:23:13-56
32            <intent-filter>
32-->src\main\AndroidManifest.xml:24:13-27:29
33                <action android:name="android.intent.action.MAIN" />
33-->src\main\AndroidManifest.xml:25:17-69
33-->src\main\AndroidManifest.xml:25:25-66
34
35                <category android:name="android.intent.category.LAUNCHER" />
35-->src\main\AndroidManifest.xml:26:17-77
35-->src\main\AndroidManifest.xml:26:27-74
36            </intent-filter>
37        </activity>
38        <activity
38-->src\main\AndroidManifest.xml:29:9-31:68
39            android:name="wtf.saigonparking.qrscanner.activity.MainActivity"
39-->src\main\AndroidManifest.xml:30:13-77
40            android:theme="@style/AppTheme.NoActionBar" />
40-->src\main\AndroidManifest.xml:31:13-56
41
42        <meta-data
42-->[com.android.support:design:26.1.0] AndroidManifest.xml:26:9-28:38
43            android:name="android.support.VERSION"
43-->[com.android.support:design:26.1.0] AndroidManifest.xml:27:13-51
44            android:value="26.1.0" />
44-->[com.android.support:design:26.1.0] AndroidManifest.xml:28:13-35
45        <meta-data
45-->[android.arch.lifecycle:runtime:1.0.0] AndroidManifest.xml:25:9-27:47
46            android:name="android.arch.lifecycle.VERSION"
46-->[android.arch.lifecycle:runtime:1.0.0] AndroidManifest.xml:26:13-58
47            android:value="27.0.0-SNAPSHOT" />
47-->[android.arch.lifecycle:runtime:1.0.0] AndroidManifest.xml:27:13-44
48    </application>
49
50</manifest>